<?xml version="1.0" encoding="UTF-8"?>
<!-- Generated by org.testng.reporters.JUnitXMLReporter -->
<testsuite ignored="0" hostname="DESKTOP-4AJDMDK" failures="0" tests="3" name="Test without base class" time="17.781" errors="0" timestamp="2025-05-15T18:01:20 IST">
  <testcase classname="tests.uitests.Test_1" name="test2" time="15.892"/>
  <testcase classname="tests.uitests.Test_1" name="test1" time="15.951"/>
  <testcase classname="tests.uitests.Test_1" name="test3" time="17.702"/>
</testsuite> <!-- Test without base class -->
