<?xml version="1.0" encoding="UTF-8"?>
<testng-results ignored="0" total="3" passed="3" failed="0" skipped="0">
  <reporter-output>
  </reporter-output>
  <suite started-at="2025-05-15T18:01:03 IST" name="Suite1" finished-at="2025-05-15T18:01:20 IST" duration-ms="17781">
    <groups>
    </groups>
    <test started-at="2025-05-15T18:01:03 IST" name="Test without base class" finished-at="2025-05-15T18:01:20 IST" duration-ms="17781">
      <class name="tests.uitests.Test_1">
        <test-method signature="test1()[pri:0, instance:tests.uitests.Test_1@4dbad37]" started-at="2025-05-15T18:01:03 IST" name="test1" finished-at="2025-05-15T18:01:19 IST" duration-ms="15951" status="PASS">
          <reporter-output>
          </reporter-output>
        </test-method> <!-- test1 -->
        <test-method signature="test3()[pri:0, instance:tests.uitests.Test_1@4dbad37]" started-at="2025-05-15T18:01:03 IST" name="test3" finished-at="2025-05-15T18:01:20 IST" duration-ms="17702" status="PASS">
          <reporter-output>
          </reporter-output>
        </test-method> <!-- test3 -->
        <test-method signature="test2()[pri:0, instance:tests.uitests.Test_1@4dbad37]" started-at="2025-05-15T18:01:03 IST" name="test2" finished-at="2025-05-15T18:01:19 IST" duration-ms="15892" status="PASS">
          <reporter-output>
          </reporter-output>
        </test-method> <!-- test2 -->
        <test-method is-config="true" signature="afterSuite()[pri:0, instance:tests.uitests.Test_1@4dbad37]" started-at="2025-05-15T18:01:20 IST" name="afterSuite" finished-at="2025-05-15T18:01:20 IST" duration-ms="6" status="PASS">
          <reporter-output>
          </reporter-output>
        </test-method> <!-- afterSuite -->
      </class> <!-- tests.uitests.Test_1 -->
    </test> <!-- Test without base class -->
  </suite> <!-- Suite1 -->
</testng-results>
