<?xml version="1.0" encoding="UTF-8"?>
<testsuite xmlns:xsi="http://www.w3.org/2001/XMLSchema-instance" xsi:noNamespaceSchemaLocation="https://maven.apache.org/surefire/maven-surefire-plugin/xsd/surefire-test-report-3.0.xsd" version="3.0" name="TestSuite" time="19.212" tests="3" errors="0" skipped="0" failures="0">
  <properties>
[...]
</properties>
  <testcase name="test2" classname="tests.uitests.Test_1" time="16.014">
    <system-out><![CDATA[Test Started: test2
Test Started: test1
Test Started: test3
Test Passed: test2
Test Passed: test1
]]></system-out>
    <system-err><![CDATA[SLF4J(W): No SLF4J providers were found.
SLF4J(W): Defaulting to no-operation (NOP) logger implementation
SLF4J(W): See https://www.slf4j.org/codes.html#noProviders for further details.
]]></system-err>
  </testcase>
  <testcase name="test1" classname="tests.uitests.Test_1" time="16.015"/>
  <testcase name="test3" classname="tests.uitests.Test_1" time="17.703">
    <system-out><![CDATA[Test Passed: test3
]]></system-out>
  </testcase>
</testsuite>